[10:10:46] [Render thread/INFO] [JMLogger] JourneyMap log initialized.
[10:10:46] [Render thread/INFO] [JourneymapClient] initialize ENTER
[10:10:46] [Render thread/INFO] [ClientAPI] [ClientAPI] built with JourneyMap API 2.0.0-SNAPSHOT
[10:10:46] [Render thread/INFO] [PluginHelper] Initializing plugins with Client API: journeymap.api.client.impl.ClientAPI
[10:10:46] [Render thread/INFO] [PluginHelper] Initialized IClientPlugin: com.simibubi.create.compat.trainmap.JourneyTrainMap
[10:10:46] [Render thread/INFO] [PluginHelper] Initialized IClientPlugin: com.minecolonies.core.compatibility.journeymap.JourneymapPlugin
[10:10:46] [Render thread/INFO] [PluginHelper] Initialized IClientPlugin: net.blay09.mods.waystones.compat.JourneyMapIntegration
[10:10:46] [Render thread/INFO] [PluginHelper] Initialized IClientPlugin: journeymap.api.plugins.LoadedChunkOverlayPlugin
[10:10:46] [Render thread/DEBUG] [JourneymapClient] Loading and Generating Journeymap configs
[10:10:46] [Render thread/INFO] [?] Version: JourneyMap 1.21.1-6.0.0-beta.53, built with neoforge 21.1.55
neoforge: 21.1.216
Environment: os.name, os.arch, java.version, user.country, user.language=null, game language=en_us, locale=en_us
Features: 
	RadarPlayers : singleplayer = true , multiplayer = true
	RadarAnimals : singleplayer = true , multiplayer = true
	RadarMobs : singleplayer = true , multiplayer = true
	RadarVillagers : singleplayer = true , multiplayer = true
	MapTopo : singleplayer = true , multiplayer = true
	MapSurface : singleplayer = true , multiplayer = true
	MapCaves : singleplayer = true , multiplayer = true
	MapBiome : singleplayer = true , multiplayer = true
MiniMapProperties{state=Valid, file=journeymap.minimap.config, configVersion=6.0.0-beta.53, infoSlotTimeFormat=HH:mm:ss, zoomLevel=512, compassFontScale=1.0, infoSlotFontScale=1.0, terrainAlpha=100, showEntityNames=true, showPassiveNames=false, positionX=0.9, positionY=0.25, effectVertical=false, showPlayerHeading=true, sizePercent=30, playerDisplayScale=1.0, showDayNight=true, showPets=true, showPlayerNames=true, preferredMapType=day, showCompass=true, showNpcNames=false, mobDisplay=jm.common.entity_display.dots_and_outlined_icons, showHostileNames=false, systemTimeRealFormat=HH:mm:ss, shape=jm.minimap.shape_circle, showSelf=true, showVillagerNames=false, selfDisplayScale=1.0, showGrid=true, reticleOrientation=jm.minimap.orientation.compass, minimapLockedMapType=jm.common.map_type.auto, effectTranslateX=0, info3LabelPosition=jm.minimap.info_slot.bottom, showWaypoints=true, info2LabelPosition=jm.minimap.info_slot.top, minimapKeyMovementSpeed=0.001, info1LabelPosition=jm.minimap.info_slot.top, showAnimals=true, infoSlotAlpha=0.7, effectTranslateY=0, showWaypointLabels=true, showAmbientNames=false, moveEffectIcons=true, showTeamNames=true, position=jm.minimap.position_topright, fontScale=1.0, info4LabelPosition=jm.minimap.info_slot.bottom, showPlayers=true, waypointIconScale=1.0, frameAlpha=100, effectReversed=false, backgroundAlpha=0.8, enabled=false, showVillagers=true, info2Label=jm.theme.labelsource.gametime, info3Label=jm.theme.labelsource.location, caveLayer=4, showMobs=true, waypointLabelScale=1.0, showReticle=true, orientation=jm.minimap.orientation.north, info4Label=jm.theme.labelsource.biome, locationFormat=xzyv, playerDisplay=jm.common.entity_display.outlined_icons, mobDisplayScale=1.0, showOffScreenPlayers=true, showCaves=true, hideEffectIcons=false, showMobHeading=true, locationFormatVerbose=true, showAmbientCreatures=false, showPetNames=false, info1Label=jm.theme.labelsource.blank, showNoIconNames=false}
MiniMapProperties{state=Valid, file=journeymap.minimap2.config, configVersion=6.0.0-beta.53, infoSlotTimeFormat=HH:mm:ss, zoomLevel=512, compassFontScale=1.0, infoSlotFontScale=1.0, terrainAlpha=100, showEntityNames=false, showPassiveNames=false, positionX=0.9, positionY=0.25, effectVertical=false, showPlayerHeading=true, sizePercent=30, playerDisplayScale=1.0, showDayNight=true, showPets=true, showPlayerNames=true, preferredMapType=day, showCompass=true, showNpcNames=false, mobDisplay=jm.common.entity_display.dots_and_outlined_icons, showHostileNames=false, systemTimeRealFormat=HH:mm:ss, shape=jm.minimap.shape_rectangle, showSelf=true, showVillagerNames=false, selfDisplayScale=1.0, showGrid=true, reticleOrientation=jm.minimap.orientation.compass, minimapLockedMapType=jm.common.map_type.auto, effectTranslateX=0, info3LabelPosition=jm.minimap.info_slot.bottom, showWaypoints=true, info2LabelPosition=jm.minimap.info_slot.top, minimapKeyMovementSpeed=0.001, info1LabelPosition=jm.minimap.info_slot.top, showAnimals=true, infoSlotAlpha=0.7, effectTranslateY=0, showWaypointLabels=true, showAmbientNames=false, moveEffectIcons=true, showTeamNames=true, position=jm.minimap.position_topright, fontScale=1.0, info4LabelPosition=jm.minimap.info_slot.bottom, showPlayers=true, waypointIconScale=1.0, frameAlpha=100, effectReversed=false, backgroundAlpha=0.8, enabled=false, showVillagers=true, info2Label=jm.theme.labelsource.gametime, info3Label=jm.theme.labelsource.location, caveLayer=4, showMobs=true, waypointLabelScale=1.0, showReticle=true, orientation=jm.minimap.orientation.north, info4Label=jm.theme.labelsource.biome, locationFormat=xzyv, playerDisplay=jm.common.entity_display.outlined_icons, mobDisplayScale=1.0, showOffScreenPlayers=true, showCaves=true, hideEffectIcons=false, showMobHeading=true, locationFormatVerbose=true, showAmbientCreatures=false, showPetNames=false, info1Label=jm.theme.labelsource.blank, showNoIconNames=true}
FullMapProperties{state=Valid, file=journeymap.fullmap.config, configVersion=6.0.0-beta.53, zoomLevel=512, minimalMode=false, showPlayers=true, waypointIconScale=1.0, showEntityNames=false, showPassiveNames=false, showPlayerHeading=true, showVillagers=true, showPlayerLoc=true, showKeys=true, playerDisplayScale=1.0, showMobs=true, showPets=true, waypointLabelScale=1.0, showPlayerNames=true, preferredMapType=day, showNpcNames=false, mobDisplay=jm.common.entity_display.dots_and_outlined_icons, showHostileNames=false, showSelf=true, locationFormat=xzyv, playerDisplay=jm.common.entity_display.outlined_icons, showVillagerNames=false, mobDisplayScale=1.0, selfDisplayScale=1.0, showOffScreenPlayers=true, showGrid=true, showMouseLoc=true, showWaypoints=true, showCaves=true, showThemeButton=true, showAnimals=true, showMobHeading=true, showWaypointLabels=true, locationFormatVerbose=true, showAmbientNames=false, showAmbientCreatures=false, showTeamNames=true, showPetNames=false, fontScale=1.0, showNoIconNames=true}
WaypointProperties{state=Valid, file=journeymap.waypoint.config, configVersion=6.0.0-beta.53, autoRemoveDeathpointDistance=2, showPlayers=false, dateFormat=MM-dd-yyyy, autoHideIconAngle=5, autoRemoveDeathpoints=false, autoHideIcon=false, autoHideLabelAngle=5, renderWaypointsWorld=true, showDeleteConfirmation=true, managerDimensionFocus=false, fullscreenDoubleClickToCreate=true, minDistance=4, coordinatesFormat=XZY, boldLabel=false, disableShare=false, showDeathpointlabel=true, textureSmall=true, useActionsButton=false, beaconEnabled=true, createDeathpoints=true, disableStrikeThrough=false, renderWaypointsMap=true, showName=true, maxDistance=0, ignoreRenderDistance=false, autoHideLabel=true, autoRemoveTempWaypoints=2, teleportCommand=/execute in {dim} run tp {name} {x} {y} {z}, showStaticBeam=true, renderWaypoints=true, wholeNumberTeleportCoords=false, timeFormat=HH:mm:ss, shaderBeacon=false, showDistance=true, showRotatingBeam=true, fontScale=2.0, managerEnabled=true}
WebMapProperties{state=Valid, file=journeymap.webmap.config, configVersion=6.0.0-beta.53, port=8080, enabled=false}
CoreProperties{state=Valid, file=journeymap.core.config, configVersion=6.0.0-beta.53, maxPlayersData=32, mapSurfaceAboveCaves=true, dataCachingEnabled=true, maxAmbientCreaturesData=32, optionsManagerViewed=6.0.0-beta.53, announceMod=true, ignoreSnow=false, colorPassive=#bbbbbb, colorPassiveLabel=#bbbbbb, mapShadows=true, mapBlendWater=true, playerIconFade=true, renderDistanceSurfaceMax=0, seedId=false, colorPetLabel=#0077ff, radarVerticalDistance=16, mapBlendGrass=true, recordCacheStats=false, hideSneakingEntities=true, initialSortOrder=Name, colorPlayerLabel=#ffffff, revealShape=jm.minimap.shape_circle, mapBiome=true, caveShader=jm.common.map_filter.default, mipmapLevels=5, colorVillagerLabel=#88e188, alwaysMapSurface=false, biomeShader=jm.common.map_filter.default, colorVillager=#88e188, mapPlants=false, colorPet=#0077ff, sortDescending=true, radarLateralDistance=64, mapBathymetry=false, mapCrops=true, maxMobsData=32, dayShader=jm.common.map_filter.default, mapPlantShadows=false, alwaysMapCaves=false, checkUpdates=true, colorHostileLabel=#ff0000, mapBlendFoliage=true, topoMax=0, hideSpectators=false, mappingEnabled=true, colorPlayer=#ffffff, cacheVillagersData=2200, logLevel=INFO, maxVillagersData=32, mapWaterBiomeColors=true, maxAnimalsData=32, mapTransparency=true, caveBlackAsClear=false, caveModeThreshold=2, legacyIcons=false, netherShader=jm.common.map_filter.default, caveIgnoreGlass=true, mapTopography=true, renderDistanceCaveMax=0, mapAntialiasing=true, colorSelf=#0000ff, cachePlayersData=2000, mapOnlyPlayerChunk=false, nightShader=jm.common.map_filter.default, cacheMobsData=3000, cachePlayerData=1000, splashViewed=6.0.0-beta.53, colorHostile=#ff0000, topoShader=jm.common.map_filter.default, allowMiniMapBehindScreens=true, cacheAnimalsData=3100, ignoreHeightmaps=false, themeName=Purist, mapCaveLighting=true, renderDelay=2, mobIconFade=true, serverIp=false, glErrorChecking=false, autoMapPoll=2000}
[10:10:46] [Render thread/INFO] [JourneymapClient] initialize EXIT, elapsed count 1 avg 445.76ms
[10:11:06] [Render thread/INFO] [JourneymapClientNeoForge] Journeymap PostInit
[10:11:06] [Render thread/DEBUG] [JourneymapClient] postInitialize ENTER
[10:11:06] [Render thread/TRACE] [ThemeLoader] Initializing themes ...
[10:11:06] [Render thread/INFO] [NeoForgeHooks] ModFileLocation:file:/C:/Users/ghoti/curseforge/minecraft/Instances/Create%20Cobblemon%20%5BCardboard%20Edition%5D%20(1)/mods/journeymap-neoforge-1.21.1-6.0.0-beta.53.jar
[10:11:06] [Render thread/DEBUG] [FileHandler] ZipFilePath:C:/Users/ghoti/curseforge/minecraft/Instances/Create Cobblemon [Cardboard Edition] (1)/mods/journeymap-neoforge-1.21.1-6.0.0-beta.53.jar zipEntryName:assets/journeymap/theme/victorian_ destDir:C:\Users\ghoti\curseforge\minecraft\Instances\Create Cobblemon [Cardboard Edition] (1)\journeymap\icon\theme\victorian_ overWrite:true fromPath:C:/Users/ghoti/curseforge/minecraft/Instances/Create Cobblemon [Cardboard Edition] (1)/mods/journeymap-neoforge-1.21.1-6.0.0-beta.53.jar
[10:11:06] [Render thread/INFO] [NeoForgeHooks] ModFileLocation:file:/C:/Users/ghoti/curseforge/minecraft/Instances/Create%20Cobblemon%20%5BCardboard%20Edition%5D%20(1)/mods/journeymap-neoforge-1.21.1-6.0.0-beta.53.jar
[10:11:06] [Render thread/DEBUG] [FileHandler] ZipFilePath:C:/Users/ghoti/curseforge/minecraft/Instances/Create Cobblemon [Cardboard Edition] (1)/mods/journeymap-neoforge-1.21.1-6.0.0-beta.53.jar zipEntryName:assets/journeymap/theme/flat destDir:C:\Users\ghoti\curseforge\minecraft\Instances\Create Cobblemon [Cardboard Edition] (1)\journeymap\icon\theme\flat overWrite:true fromPath:C:/Users/ghoti/curseforge/minecraft/Instances/Create Cobblemon [Cardboard Edition] (1)/mods/journeymap-neoforge-1.21.1-6.0.0-beta.53.jar
[10:11:07] [Render thread/INFO] [NeoForgeHooks] ModFileLocation:file:/C:/Users/ghoti/curseforge/minecraft/Instances/Create%20Cobblemon%20%5BCardboard%20Edition%5D%20(1)/mods/journeymap-neoforge-1.21.1-6.0.0-beta.53.jar
[10:11:07] [Render thread/DEBUG] [FileHandler] ZipFilePath:C:/Users/ghoti/curseforge/minecraft/Instances/Create Cobblemon [Cardboard Edition] (1)/mods/journeymap-neoforge-1.21.1-6.0.0-beta.53.jar zipEntryName:assets/journeymap/theme/vault_flat destDir:C:\Users\ghoti\curseforge\minecraft\Instances\Create Cobblemon [Cardboard Edition] (1)\journeymap\icon\theme\vault_flat overWrite:true fromPath:C:/Users/ghoti/curseforge/minecraft/Instances/Create Cobblemon [Cardboard Edition] (1)/mods/journeymap-neoforge-1.21.1-6.0.0-beta.53.jar
[10:11:07] [Render thread/INFO] [NeoForgeHooks] ModFileLocation:file:/C:/Users/ghoti/curseforge/minecraft/Instances/Create%20Cobblemon%20%5BCardboard%20Edition%5D%20(1)/mods/journeymap-neoforge-1.21.1-6.0.0-beta.53.jar
[10:11:07] [Render thread/DEBUG] [FileHandler] ZipFilePath:C:/Users/ghoti/curseforge/minecraft/Instances/Create Cobblemon [Cardboard Edition] (1)/mods/journeymap-neoforge-1.21.1-6.0.0-beta.53.jar zipEntryName:assets/journeymap/theme/vault destDir:C:\Users\ghoti\curseforge\minecraft\Instances\Create Cobblemon [Cardboard Edition] (1)\journeymap\icon\theme\vault overWrite:true fromPath:C:/Users/ghoti/curseforge/minecraft/Instances/Create Cobblemon [Cardboard Edition] (1)/mods/journeymap-neoforge-1.21.1-6.0.0-beta.53.jar
[10:11:07] [Render thread/INFO] [ThemeLoader] Preloaded theme textures: 73
[10:11:07] [Render thread/INFO] [JourneymapClient] postInitialize EXIT, elapsed count 1 avg 873.46ms
[10:11:15] [Render thread/INFO] [ColorPalette] Color palette file generated for 0 blockstates in 0ms for: Default Palette
[10:13:44] [Render thread/INFO] [TextureCache] [JourneyMap]: Purging Theme Images
[10:13:44] [Render thread/INFO] [TextureCache] [JourneyMap]: Purging Region Images
[10:13:44] [Render thread/INFO] [TextureCache] [JourneyMap]: Purging Mob Icon Images
[10:13:44] [Render thread/INFO] [WaypointHandler] Resetting Waypoints and Groups.
[10:13:44] [Render thread/INFO] [WaypointStore] Loaded 0 waypoints from disk.
[10:13:44] [Render thread/INFO] [WaypointGroupStore] Loaded 4 waypoint groups from disk.
